# JRE version: OpenJDK Runtime Environment (Zulu 8.68.0.21-CA-win64) (8.0_362-b09) (build 1.8.0_362-b09)
# Java VM: OpenJDK 64-Bit Server VM (25.362-b09 mixed mode windows-amd64 compressed oops)
Heap:
 PSYoungGen      total 56832K, used 52812K [0x00000000d5580000, 0x00000000da180000, 0x0000000100000000)
  eden space 48640K, 95% used [0x00000000d5580000,0x00000000d82ff280,0x00000000d8500000)
  from space 8192K, 75% used [0x00000000d8500000,0x00000000d8b14010,0x00000000d8d00000)
  to   space 8704K, 0% used [0x00000000d9900000,0x00000000d9900000,0x00000000da180000)
 ParOldGen       total 61952K, used 8494K [0x0000000080000000, 0x0000000083c80000, 0x00000000d5580000)
  object space 61952K, 13% used [0x0000000080000000,0x000000008084b948,0x0000000083c80000)
 Metaspace       used 25404K, capacity 25842K, committed 26112K, reserved 1073152K
  class space    used 2866K, capacity 3028K, committed 3072K, reserved 1048576K
GC Heap History (10 events):
Event: 9.580 GC heap before
{Heap before GC invocations=10 (full 1):
 PSYoungGen      total 38400K, used 30720K [0x00000000d5580000, 0x00000000d8380000, 0x0000000100000000)
  eden space 30720K, 100% used [0x00000000d5580000,0x00000000d7380000,0x00000000d7380000)
  from space 7680K, 0% used [0x00000000d7b80000,0x00000000d7b80000,0x00000000d8300000)
  to   space 8192K, 0% used [0x00000000d7380000,0x00000000d7380000,0x00000000d7b80000)
 ParOldGen       total 61952K, used 8478K [0x0000000080000000, 0x0000000083c80000, 0x00000000d5580000)
  object space 61952K, 13% used [0x0000000080000000,0x0000000080847948,0x0000000083c80000)
 Metaspace       used 22285K, capacity 22568K, committed 22832K, reserved 1069056K
  class space    used 2475K, capacity 2602K, committed 2688K, reserved 1048576K
Event: 9.582 GC heap after
Heap after GC invocations=10 (full 1):
 PSYoungGen      total 38912K, used 1540K [0x00000000d5580000, 0x00000000d8b80000, 0x0000000100000000)
  eden space 30720K, 0% used [0x00000000d5580000,0x00000000d5580000,0x00000000d7380000)
  from space 8192K, 18% used [0x00000000d7380000,0x00000000d7501048,0x00000000d7b80000)
  to   space 8192K, 0% used [0x00000000d8380000,0x00000000d8380000,0x00000000d8b80000)
 ParOldGen       total 61952K, used 8486K [0x0000000080000000, 0x0000000083c80000, 0x00000000d5580000)
  object space 61952K, 13% used [0x0000000080000000,0x0000000080849948,0x0000000083c80000)
 Metaspace       used 22285K, capacity 22568K, committed 22832K, reserved 1069056K
  class space    used 2475K, capacity 2602K, committed 2688K, reserved 1048576K
}
Event: 10.194 GC heap before
{Heap before GC invocations=11 (full 1):
 PSYoungGen      total 38912K, used 32260K [0x00000000d5580000, 0x00000000d8b80000, 0x0000000100000000)
  eden space 30720K, 100% used [0x00000000d5580000,0x00000000d7380000,0x00000000d7380000)
  from space 8192K, 18% used [0x00000000d7380000,0x00000000d7501048,0x00000000d7b80000)
  to   space 8192K, 0% used [0x00000000d8380000,0x00000000d8380000,0x00000000d8b80000)
 ParOldGen       total 61952K, used 8486K [0x0000000080000000, 0x0000000083c80000, 0x00000000d5580000)
  object space 61952K, 13% used [0x0000000080000000,0x0000000080849948,0x0000000083c80000)
 Metaspace       used 22704K, capacity 23042K, committed 23424K, reserved 1071104K
  class space    used 2508K, capacity 2650K, committed 2688K, reserved 1048576K
Event: 10.197 GC heap after
Heap after GC invocations=11 (full 1):
 PSYoungGen      total 47104K, used 2388K [0x00000000d5580000, 0x00000000d8b80000, 0x0000000100000000)
  eden space 38912K, 0% used [0x00000000d5580000,0x00000000d5580000,0x00000000d7b80000)
  from space 8192K, 29% used [0x00000000d8380000,0x00000000d85d5120,0x00000000d8b80000)
  to   space 8192K, 0% used [0x00000000d7b80000,0x00000000d7b80000,0x00000000d8380000)
 ParOldGen       total 61952K, used 8486K [0x0000000080000000, 0x0000000083c80000, 0x00000000d5580000)
  object space 61952K, 13% used [0x0000000080000000,0x0000000080849948,0x0000000083c80000)
 Metaspace       used 22704K, capacity 23042K, committed 23424K, reserved 1071104K
  class space    used 2508K, capacity 2650K, committed 2688K, reserved 1048576K
}
Event: 10.907 GC heap before
{Heap before GC invocations=12 (full 1):
 PSYoungGen      total 47104K, used 41300K [0x00000000d5580000, 0x00000000d8b80000, 0x0000000100000000)
  eden space 38912K, 100% used [0x00000000d5580000,0x00000000d7b80000,0x00000000d7b80000)
  from space 8192K, 29% used [0x00000000d8380000,0x00000000d85d5120,0x00000000d8b80000)
  to   space 8192K, 0% used [0x00000000d7b80000,0x00000000d7b80000,0x00000000d8380000)
 ParOldGen       total 61952K, used 8486K [0x0000000080000000, 0x0000000083c80000, 0x00000000d5580000)
  object space 61952K, 13% used [0x0000000080000000,0x0000000080849948,0x0000000083c80000)
 Metaspace       used 22901K, capacity 23234K, committed 23680K, reserved 1071104K
  class space    used 2513K, capacity 2650K, committed 2688K, reserved 1048576K
Event: 10.911 GC heap after
Heap after GC invocations=12 (full 1):
 PSYoungGen      total 47104K, used 2369K [0x00000000d5580000, 0x00000000d9500000, 0x0000000100000000)
  eden space 38912K, 0% used [0x00000000d5580000,0x00000000d5580000,0x00000000d7b80000)
  from space 8192K, 28% used [0x00000000d7b80000,0x00000000d7dd05d0,0x00000000d8380000)
  to   space 8192K, 0% used [0x00000000d8d00000,0x00000000d8d00000,0x00000000d9500000)
 ParOldGen       total 61952K, used 8486K [0x0000000080000000, 0x0000000083c80000, 0x00000000d5580000)
  object space 61952K, 13% used [0x0000000080000000,0x0000000080849948,0x0000000083c80000)
 Metaspace       used 22901K, capacity 23234K, committed 23680K, reserved 1071104K
  class space    used 2513K, capacity 2650K, committed 2688K, reserved 1048576K
}
Event: 11.511 GC heap before
{Heap before GC invocations=13 (full 1):
 PSYoungGen      total 47104K, used 41281K [0x00000000d5580000, 0x00000000d9500000, 0x0000000100000000)
  eden space 38912K, 100% used [0x00000000d5580000,0x00000000d7b80000,0x00000000d7b80000)
  from space 8192K, 28% used [0x00000000d7b80000,0x00000000d7dd05d0,0x00000000d8380000)
  to   space 8192K, 0% used [0x00000000d8d00000,0x00000000d8d00000,0x00000000d9500000)
 ParOldGen       total 61952K, used 8486K [0x0000000080000000, 0x0000000083c80000, 0x00000000d5580000)
  object space 61952K, 13% used [0x0000000080000000,0x0000000080849948,0x0000000083c80000)
 Metaspace       used 22958K, capacity 23298K, committed 23680K, reserved 1071104K
  class space    used 2516K, capacity 2650K, committed 2688K, reserved 1048576K
Event: 11.514 GC heap after
Heap after GC invocations=13 (full 1):
 PSYoungGen      total 56832K, used 2320K [0x00000000d5580000, 0x00000000d9500000, 0x0000000100000000)
  eden space 48640K, 0% used [0x00000000d5580000,0x00000000d5580000,0x00000000d8500000)
  from space 8192K, 28% used [0x00000000d8d00000,0x00000000d8f44010,0x00000000d9500000)
  to   space 8192K, 0% used [0x00000000d8500000,0x00000000d8500000,0x00000000d8d00000)
 ParOldGen       total 61952K, used 8486K [0x0000000080000000, 0x0000000083c80000, 0x00000000d5580000)
  object space 61952K, 13% used [0x0000000080000000,0x0000000080849948,0x0000000083c80000)
 Metaspace       used 22958K, capacity 23298K, committed 23680K, reserved 1071104K
  class space    used 2516K, capacity 2650K, committed 2688K, reserved 1048576K
}
Event: 12.954 GC heap before
{Heap before GC invocations=14 (full 1):
 PSYoungGen      total 56832K, used 50960K [0x00000000d5580000, 0x00000000d9500000, 0x0000000100000000)
  eden space 48640K, 100% used [0x00000000d5580000,0x00000000d8500000,0x00000000d8500000)
  from space 8192K, 28% used [0x00000000d8d00000,0x00000000d8f44010,0x00000000d9500000)
  to   space 8192K, 0% used [0x00000000d8500000,0x00000000d8500000,0x00000000d8d00000)
 ParOldGen       total 61952K, used 8486K [0x0000000080000000, 0x0000000083c80000, 0x00000000d5580000)
  object space 61952K, 13% used [0x0000000080000000,0x0000000080849948,0x0000000083c80000)
 Metaspace       used 23402K, capacity 23792K, committed 24064K, reserved 1071104K
  class space    used 2572K, capacity 2727K, committed 2816K, reserved 1048576K
Event: 12.963 GC heap after
Heap after GC invocations=14 (full 1):
 PSYoungGen      total 56832K, used 6224K [0x00000000d5580000, 0x00000000da180000, 0x0000000100000000)
  eden space 48640K, 0% used [0x00000000d5580000,0x00000000d5580000,0x00000000d8500000)
  from space 8192K, 75% used [0x00000000d8500000,0x00000000d8b14010,0x00000000d8d00000)
  to   space 8704K, 0% used [0x00000000d9900000,0x00000000d9900000,0x00000000da180000)
 ParOldGen       total 61952K, used 8494K [0x0000000080000000, 0x0000000083c80000, 0x00000000d5580000)
  object space 61952K, 13% used [0x0000000080000000,0x000000008084b948,0x0000000083c80000)
 Metaspace       used 23402K, capacity 23792K, committed 24064K, reserved 1071104K
  class space    used 2572K, capacity 2727K, committed 2816K, reserved 1048576K
}

