# JRE version: OpenJDK Runtime Environment (Zulu 8.68.0.21-CA-win64) (8.0_362-b09) (build 1.8.0_362-b09)
# Java VM: OpenJDK 64-Bit Server VM (25.362-b09 mixed mode windows-amd64 compressed oops)
Heap:
 PSYoungGen      total 77312K, used 58964K [0x00000000d5580000, 0x00000000daa80000, 0x0000000100000000)
  eden space 68096K, 73% used [0x00000000d5580000,0x00000000d86759d0,0x00000000d9800000)
  from space 9216K, 95% used [0x00000000d9800000,0x00000000da09fa10,0x00000000da100000)
  to   space 8704K, 0% used [0x00000000da100000,0x00000000da100000,0x00000000da980000)
 ParOldGen       total 60928K, used 10797K [0x0000000080000000, 0x0000000083b80000, 0x00000000d5580000)
  object space 60928K, 17% used [0x0000000080000000,0x0000000080a8b7b8,0x0000000083b80000)
 Metaspace       used 31019K, capacity 31940K, committed 32128K, reserved 1077248K
  class space    used 3669K, capacity 3925K, committed 3968K, reserved 1048576K
GC Heap History (10 events):
Event: 8.968 GC heap before
{Heap before GC invocations=12 (full 1):
 PSYoungGen      total 48128K, used 42209K [0x00000000d5580000, 0x00000000d8c80000, 0x0000000100000000)
  eden space 39936K, 100% used [0x00000000d5580000,0x00000000d7c80000,0x00000000d7c80000)
  from space 8192K, 27% used [0x00000000d8480000,0x00000000d86b85a8,0x00000000d8c80000)
  to   space 8192K, 0% used [0x00000000d7c80000,0x00000000d7c80000,0x00000000d8480000)
 ParOldGen       total 60928K, used 8509K [0x0000000080000000, 0x0000000083b80000, 0x00000000d5580000)
  object space 60928K, 13% used [0x0000000080000000,0x000000008084f738,0x0000000083b80000)
 Metaspace       used 22786K, capacity 23118K, committed 23424K, reserved 1071104K
  class space    used 2517K, capacity 2654K, committed 2688K, reserved 1048576K
Event: 8.971 GC heap after
Heap after GC invocations=12 (full 1):
 PSYoungGen      total 48128K, used 2384K [0x00000000d5580000, 0x00000000d9780000, 0x0000000100000000)
  eden space 39936K, 0% used [0x00000000d5580000,0x00000000d5580000,0x00000000d7c80000)
  from space 8192K, 29% used [0x00000000d7c80000,0x00000000d7ed4010,0x00000000d8480000)
  to   space 8192K, 0% used [0x00000000d8f80000,0x00000000d8f80000,0x00000000d9780000)
 ParOldGen       total 60928K, used 8517K [0x0000000080000000, 0x0000000083b80000, 0x00000000d5580000)
  object space 60928K, 13% used [0x0000000080000000,0x0000000080851738,0x0000000083b80000)
 Metaspace       used 22786K, capacity 23118K, committed 23424K, reserved 1071104K
  class space    used 2517K, capacity 2654K, committed 2688K, reserved 1048576K
}
Event: 9.383 GC heap before
{Heap before GC invocations=13 (full 1):
 PSYoungGen      total 48128K, used 42320K [0x00000000d5580000, 0x00000000d9780000, 0x0000000100000000)
  eden space 39936K, 100% used [0x00000000d5580000,0x00000000d7c80000,0x00000000d7c80000)
  from space 8192K, 29% used [0x00000000d7c80000,0x00000000d7ed4010,0x00000000d8480000)
  to   space 8192K, 0% used [0x00000000d8f80000,0x00000000d8f80000,0x00000000d9780000)
 ParOldGen       total 60928K, used 8517K [0x0000000080000000, 0x0000000083b80000, 0x00000000d5580000)
  object space 60928K, 13% used [0x0000000080000000,0x0000000080851738,0x0000000083b80000)
 Metaspace       used 22973K, capacity 23310K, committed 23680K, reserved 1071104K
  class space    used 2520K, capacity 2654K, committed 2688K, reserved 1048576K
Event: 9.386 GC heap after
Heap after GC invocations=13 (full 1):
 PSYoungGen      total 59392K, used 2449K [0x00000000d5580000, 0x00000000d9800000, 0x0000000100000000)
  eden space 51200K, 0% used [0x00000000d5580000,0x00000000d5580000,0x00000000d8780000)
  from space 8192K, 29% used [0x00000000d8f80000,0x00000000d91e45e0,0x00000000d9780000)
  to   space 8192K, 0% used [0x00000000d8780000,0x00000000d8780000,0x00000000d8f80000)
 ParOldGen       total 60928K, used 8517K [0x0000000080000000, 0x0000000083b80000, 0x00000000d5580000)
  object space 60928K, 13% used [0x0000000080000000,0x0000000080851738,0x0000000083b80000)
 Metaspace       used 22973K, capacity 23310K, committed 23680K, reserved 1071104K
  class space    used 2520K, capacity 2654K, committed 2688K, reserved 1048576K
}
Event: 10.143 GC heap before
{Heap before GC invocations=14 (full 1):
 PSYoungGen      total 59392K, used 53649K [0x00000000d5580000, 0x00000000d9800000, 0x0000000100000000)
  eden space 51200K, 100% used [0x00000000d5580000,0x00000000d8780000,0x00000000d8780000)
  from space 8192K, 29% used [0x00000000d8f80000,0x00000000d91e45e0,0x00000000d9780000)
  to   space 8192K, 0% used [0x00000000d8780000,0x00000000d8780000,0x00000000d8f80000)
 ParOldGen       total 60928K, used 8517K [0x0000000080000000, 0x0000000083b80000, 0x00000000d5580000)
  object space 60928K, 13% used [0x0000000080000000,0x0000000080851738,0x0000000083b80000)
 Metaspace       used 23271K, capacity 23626K, committed 24064K, reserved 1071104K
  class space    used 2548K, capacity 2694K, committed 2816K, reserved 1048576K
Event: 10.159 GC heap after
Heap after GC invocations=14 (full 1):
 PSYoungGen      total 59392K, used 5920K [0x00000000d5580000, 0x00000000da980000, 0x0000000100000000)
  eden space 51200K, 0% used [0x00000000d5580000,0x00000000d5580000,0x00000000d8780000)
  from space 8192K, 72% used [0x00000000d8780000,0x00000000d8d48000,0x00000000d8f80000)
  to   space 8704K, 0% used [0x00000000da100000,0x00000000da100000,0x00000000da980000)
 ParOldGen       total 60928K, used 8525K [0x0000000080000000, 0x0000000083b80000, 0x00000000d5580000)
  object space 60928K, 13% used [0x0000000080000000,0x0000000080853738,0x0000000083b80000)
 Metaspace       used 23271K, capacity 23626K, committed 24064K, reserved 1071104K
  class space    used 2548K, capacity 2694K, committed 2816K, reserved 1048576K
}
Event: 11.440 GC heap before
{Heap before GC invocations=15 (full 1):
 PSYoungGen      total 59392K, used 57120K [0x00000000d5580000, 0x00000000da980000, 0x0000000100000000)
  eden space 51200K, 100% used [0x00000000d5580000,0x00000000d8780000,0x00000000d8780000)
  from space 8192K, 72% used [0x00000000d8780000,0x00000000d8d48000,0x00000000d8f80000)
  to   space 8704K, 0% used [0x00000000da100000,0x00000000da100000,0x00000000da980000)
 ParOldGen       total 60928K, used 8525K [0x0000000080000000, 0x0000000083b80000, 0x00000000d5580000)
  object space 60928K, 13% used [0x0000000080000000,0x0000000080853738,0x0000000083b80000)
 Metaspace       used 25239K, capacity 25592K, committed 25856K, reserved 1073152K
  class space    used 2858K, capacity 2987K, committed 3072K, reserved 1048576K
Event: 11.454 GC heap after
Heap after GC invocations=15 (full 1):
 PSYoungGen      total 76800K, used 6715K [0x00000000d5580000, 0x00000000daa80000, 0x0000000100000000)
  eden space 68096K, 0% used [0x00000000d5580000,0x00000000d5580000,0x00000000d9800000)
  from space 8704K, 77% used [0x00000000da100000,0x00000000da78ee90,0x00000000da980000)
  to   space 9216K, 0% used [0x00000000d9800000,0x00000000d9800000,0x00000000da100000)
 ParOldGen       total 60928K, used 10549K [0x0000000080000000, 0x0000000083b80000, 0x00000000d5580000)
  object space 60928K, 17% used [0x0000000080000000,0x0000000080a4d798,0x0000000083b80000)
 Metaspace       used 25239K, capacity 25592K, committed 25856K, reserved 1073152K
  class space    used 2858K, capacity 2987K, committed 3072K, reserved 1048576K
}
Event: 14.727 GC heap before
{Heap before GC invocations=16 (full 1):
 PSYoungGen      total 76800K, used 74811K [0x00000000d5580000, 0x00000000daa80000, 0x0000000100000000)
  eden space 68096K, 100% used [0x00000000d5580000,0x00000000d9800000,0x00000000d9800000)
  from space 8704K, 77% used [0x00000000da100000,0x00000000da78ee90,0x00000000da980000)
  to   space 9216K, 0% used [0x00000000d9800000,0x00000000d9800000,0x00000000da100000)
 ParOldGen       total 60928K, used 10549K [0x0000000080000000, 0x0000000083b80000, 0x00000000d5580000)
  object space 60928K, 17% used [0x0000000080000000,0x0000000080a4d798,0x0000000083b80000)
 Metaspace       used 29019K, capacity 29788K, committed 30080K, reserved 1075200K
  class space    used 3387K, capacity 3613K, committed 3712K, reserved 1048576K
Event: 14.743 GC heap after
Heap after GC invocations=16 (full 1):
 PSYoungGen      total 77312K, used 8830K [0x00000000d5580000, 0x00000000daa80000, 0x0000000100000000)
  eden space 68096K, 0% used [0x00000000d5580000,0x00000000d5580000,0x00000000d9800000)
  from space 9216K, 95% used [0x00000000d9800000,0x00000000da09fa10,0x00000000da100000)
  to   space 8704K, 0% used [0x00000000da100000,0x00000000da100000,0x00000000da980000)
 ParOldGen       total 60928K, used 10797K [0x0000000080000000, 0x0000000083b80000, 0x00000000d5580000)
  object space 60928K, 17% used [0x0000000080000000,0x0000000080a8b7b8,0x0000000083b80000)
 Metaspace       used 29019K, capacity 29788K, committed 30080K, reserved 1075200K
  class space    used 3387K, capacity 3613K, committed 3712K, reserved 1048576K
}

