# JRE version: OpenJDK Runtime Environment (Zulu 8.68.0.21-CA-win64) (8.0_362-b09) (build 1.8.0_362-b09)
# Java VM: OpenJDK 64-Bit Server VM (25.362-b09 mixed mode windows-amd64 compressed oops)
Heap:
 PSYoungGen      total 81920K, used 71815K [0x00000000d5580000, 0x00000000dc480000, 0x0000000100000000)
  eden space 73216K, 86% used [0x00000000d5580000,0x00000000d93236a0,0x00000000d9d00000)
  from space 8704K, 99% used [0x00000000d9d00000,0x00000000da57e5d0,0x00000000da580000)
  to   space 10240K, 0% used [0x00000000dba80000,0x00000000dba80000,0x00000000dc480000)
 ParOldGen       total 54784K, used 11434K [0x0000000080000000, 0x0000000083580000, 0x00000000d5580000)
  object space 54784K, 20% used [0x0000000080000000,0x0000000080b2aba0,0x0000000083580000)
 Metaspace       used 30812K, capacity 31756K, committed 31872K, reserved 1077248K
  class space    used 3638K, capacity 3908K, committed 3968K, reserved 1048576K
GC Heap History (10 events):
Event: 8.082 GC heap before
{Heap before GC invocations=12 (full 1):
 PSYoungGen      total 45056K, used 43844K [0x00000000d5580000, 0x00000000d8f00000, 0x0000000100000000)
  eden space 42496K, 100% used [0x00000000d5580000,0x00000000d7f00000,0x00000000d7f00000)
  from space 2560K, 52% used [0x00000000d8c80000,0x00000000d8dd1340,0x00000000d8f00000)
  to   space 8192K, 0% used [0x00000000d7f00000,0x00000000d7f00000,0x00000000d8700000)
 ParOldGen       total 54784K, used 8291K [0x0000000080000000, 0x0000000083580000, 0x00000000d5580000)
  object space 54784K, 15% used [0x0000000080000000,0x0000000080818e48,0x0000000083580000)
 Metaspace       used 22952K, capacity 23352K, committed 23680K, reserved 1071104K
  class space    used 2534K, capacity 2688K, committed 2688K, reserved 1048576K
Event: 8.086 GC heap after
Heap after GC invocations=12 (full 1):
 PSYoungGen      total 50688K, used 2165K [0x00000000d5580000, 0x00000000d9e80000, 0x0000000100000000)
  eden space 42496K, 0% used [0x00000000d5580000,0x00000000d5580000,0x00000000d7f00000)
  from space 8192K, 26% used [0x00000000d7f00000,0x00000000d811d6e8,0x00000000d8700000)
  to   space 8192K, 0% used [0x00000000d9680000,0x00000000d9680000,0x00000000d9e80000)
 ParOldGen       total 54784K, used 9192K [0x0000000080000000, 0x0000000083580000, 0x00000000d5580000)
  object space 54784K, 16% used [0x0000000080000000,0x00000000808fa080,0x0000000083580000)
 Metaspace       used 22952K, capacity 23352K, committed 23680K, reserved 1071104K
  class space    used 2534K, capacity 2688K, committed 2688K, reserved 1048576K
}
Event: 8.656 GC heap before
{Heap before GC invocations=13 (full 1):
 PSYoungGen      total 50688K, used 44661K [0x00000000d5580000, 0x00000000d9e80000, 0x0000000100000000)
  eden space 42496K, 100% used [0x00000000d5580000,0x00000000d7f00000,0x00000000d7f00000)
  from space 8192K, 26% used [0x00000000d7f00000,0x00000000d811d6e8,0x00000000d8700000)
  to   space 8192K, 0% used [0x00000000d9680000,0x00000000d9680000,0x00000000d9e80000)
 ParOldGen       total 54784K, used 9192K [0x0000000080000000, 0x0000000083580000, 0x00000000d5580000)
  object space 54784K, 16% used [0x0000000080000000,0x00000000808fa080,0x0000000083580000)
 Metaspace       used 23078K, capacity 23440K, committed 23808K, reserved 1071104K
  class space    used 2543K, capacity 2694K, committed 2816K, reserved 1048576K
Event: 8.659 GC heap after
Heap after GC invocations=13 (full 1):
 PSYoungGen      total 64512K, used 320K [0x00000000d5580000, 0x00000000d9e00000, 0x0000000100000000)
  eden space 56832K, 0% used [0x00000000d5580000,0x00000000d5580000,0x00000000d8d00000)
  from space 7680K, 4% used [0x00000000d9680000,0x00000000d96d0000,0x00000000d9e00000)
  to   space 8704K, 0% used [0x00000000d8d00000,0x00000000d8d00000,0x00000000d9580000)
 ParOldGen       total 54784K, used 10696K [0x0000000080000000, 0x0000000083580000, 0x00000000d5580000)
  object space 54784K, 19% used [0x0000000080000000,0x0000000080a720c0,0x0000000083580000)
 Metaspace       used 23078K, capacity 23440K, committed 23808K, reserved 1071104K
  class space    used 2543K, capacity 2694K, committed 2816K, reserved 1048576K
}
Event: 9.341 GC heap before
{Heap before GC invocations=14 (full 1):
 PSYoungGen      total 64512K, used 57152K [0x00000000d5580000, 0x00000000d9e00000, 0x0000000100000000)
  eden space 56832K, 100% used [0x00000000d5580000,0x00000000d8d00000,0x00000000d8d00000)
  from space 7680K, 4% used [0x00000000d9680000,0x00000000d96d0000,0x00000000d9e00000)
  to   space 8704K, 0% used [0x00000000d8d00000,0x00000000d8d00000,0x00000000d9580000)
 ParOldGen       total 54784K, used 10696K [0x0000000080000000, 0x0000000083580000, 0x00000000d5580000)
  object space 54784K, 19% used [0x0000000080000000,0x0000000080a720c0,0x0000000083580000)
 Metaspace       used 23279K, capacity 23632K, committed 24064K, reserved 1071104K
  class space    used 2547K, capacity 2694K, committed 2816K, reserved 1048576K
Event: 9.342 GC heap after
Heap after GC invocations=14 (full 1):
 PSYoungGen      total 65536K, used 257K [0x00000000d5580000, 0x00000000daf00000, 0x0000000100000000)
  eden space 56832K, 0% used [0x00000000d5580000,0x00000000d5580000,0x00000000d8d00000)
  from space 8704K, 2% used [0x00000000d8d00000,0x00000000d8d405d0,0x00000000d9580000)
  to   space 8704K, 0% used [0x00000000da680000,0x00000000da680000,0x00000000daf00000)
 ParOldGen       total 54784K, used 10864K [0x0000000080000000, 0x0000000083580000, 0x00000000d5580000)
  object space 54784K, 19% used [0x0000000080000000,0x0000000080a9c0c0,0x0000000083580000)
 Metaspace       used 23279K, capacity 23632K, committed 24064K, reserved 1071104K
  class space    used 2547K, capacity 2694K, committed 2816K, reserved 1048576K
}
Event: 10.714 GC heap before
{Heap before GC invocations=15 (full 1):
 PSYoungGen      total 65536K, used 57089K [0x00000000d5580000, 0x00000000daf00000, 0x0000000100000000)
  eden space 56832K, 100% used [0x00000000d5580000,0x00000000d8d00000,0x00000000d8d00000)
  from space 8704K, 2% used [0x00000000d8d00000,0x00000000d8d405d0,0x00000000d9580000)
  to   space 8704K, 0% used [0x00000000da680000,0x00000000da680000,0x00000000daf00000)
 ParOldGen       total 54784K, used 10864K [0x0000000080000000, 0x0000000083580000, 0x00000000d5580000)
  object space 54784K, 19% used [0x0000000080000000,0x0000000080a9c0c0,0x0000000083580000)
 Metaspace       used 24828K, capacity 25228K, committed 25472K, reserved 1071104K
  class space    used 2802K, capacity 2926K, committed 2944K, reserved 1048576K
Event: 10.720 GC heap after
Heap after GC invocations=15 (full 1):
 PSYoungGen      total 80896K, used 5152K [0x00000000d5580000, 0x00000000dae00000, 0x0000000100000000)
  eden space 73216K, 0% used [0x00000000d5580000,0x00000000d5580000,0x00000000d9d00000)
  from space 7680K, 67% used [0x00000000da680000,0x00000000dab88000,0x00000000dae00000)
  to   space 8704K, 0% used [0x00000000d9d00000,0x00000000d9d00000,0x00000000da580000)
 ParOldGen       total 54784K, used 10936K [0x0000000080000000, 0x0000000083580000, 0x00000000d5580000)
  object space 54784K, 19% used [0x0000000080000000,0x0000000080aae0c0,0x0000000083580000)
 Metaspace       used 24828K, capacity 25228K, committed 25472K, reserved 1071104K
  class space    used 2802K, capacity 2926K, committed 2944K, reserved 1048576K
}
Event: 14.337 GC heap before
{Heap before GC invocations=16 (full 1):
 PSYoungGen      total 80896K, used 78368K [0x00000000d5580000, 0x00000000dae00000, 0x0000000100000000)
  eden space 73216K, 100% used [0x00000000d5580000,0x00000000d9d00000,0x00000000d9d00000)
  from space 7680K, 67% used [0x00000000da680000,0x00000000dab88000,0x00000000dae00000)
  to   space 8704K, 0% used [0x00000000d9d00000,0x00000000d9d00000,0x00000000da580000)
 ParOldGen       total 54784K, used 10936K [0x0000000080000000, 0x0000000083580000, 0x00000000d5580000)
  object space 54784K, 19% used [0x0000000080000000,0x0000000080aae0c0,0x0000000083580000)
 Metaspace       used 29212K, capacity 29948K, committed 30080K, reserved 1075200K
  class space    used 3407K, capacity 3620K, committed 3712K, reserved 1048576K
Event: 14.356 GC heap after
Heap after GC invocations=16 (full 1):
 PSYoungGen      total 81920K, used 8697K [0x00000000d5580000, 0x00000000dc480000, 0x0000000100000000)
  eden space 73216K, 0% used [0x00000000d5580000,0x00000000d5580000,0x00000000d9d00000)
  from space 8704K, 99% used [0x00000000d9d00000,0x00000000da57e5d0,0x00000000da580000)
  to   space 10240K, 0% used [0x00000000dba80000,0x00000000dba80000,0x00000000dc480000)
 ParOldGen       total 54784K, used 11434K [0x0000000080000000, 0x0000000083580000, 0x00000000d5580000)
  object space 54784K, 20% used [0x0000000080000000,0x0000000080b2aba0,0x0000000083580000)
 Metaspace       used 29212K, capacity 29948K, committed 30080K, reserved 1075200K
  class space    used 3407K, capacity 3620K, committed 3712K, reserved 1048576K
}

